<?xml version="1.0" encoding="UTF-8"?>
<!-- Generated by org.testng.reporters.JUnitReportReporter -->
<testsuite hostname="Penny" name="testCase.CreateNewPlanTest" tests="1" failures="0" timestamp="16 Feb 2015 10:52:14 GMT" time="56.033" errors="0">
  <testcase name="createPlanWithCorrectData" time="56.033" classname="testCase.CreateNewPlanTest"/>
</testsuite> <!-- testCase.CreateNewPlanTest -->
