<?xml version="1.0" encoding="UTF-8"?>
<!-- Generated by org.testng.reporters.JUnitReportReporter -->
<testsuite hostname="Penny" name="testCase.CreateAcountTest" tests="1" failures="0" timestamp="26 Feb 2015 14:21:40 GMT" time="70.130" errors="0">
  <testcase name="tesEditAcount" time="70.130" classname="testCase.CreateAcountTest"/>
</testsuite> <!-- testCase.CreateAcountTest -->
