<?xml version="1.0" encoding="UTF-8"?>
<!-- Generated by org.testng.reporters.JUnitReportReporter -->
<testsuite hostname="Penny" name="gociety.LikeTest" tests="1" failures="0" timestamp="10 Feb 2015 11:25:48 GMT" time="11.851" errors="0">
  <testcase name="testWebElements" time="11.851" classname="gociety.LikeTest"/>
</testsuite> <!-- gociety.LikeTest -->
