<?xml version="1.0" encoding="UTF-8"?>
<!-- Generated by org.testng.reporters.JUnitReportReporter -->
<testsuite hostname="Penny" name="testCase.MainC" tests="1" failures="0" timestamp="18 Feb 2015 08:23:03 GMT" time="45.639" errors="0">
  <testcase name="test1_whenAutoAcceptIsChecked" time="45.639" classname="testCase.MainC"/>
</testsuite> <!-- testCase.MainC -->
