<?xml version="1.0" encoding="UTF-8"?>
<!-- Generated by org.testng.reporters.JUnitReportReporter -->
<testsuite hostname="Penny" name="testCase.ScrollElementTest" tests="1" failures="0" timestamp="24 Feb 2015 15:27:10 GMT" time="81.167" errors="0">
  <testcase name="test1" time="81.167" classname="testCase.ScrollElementTest"/>
</testsuite> <!-- testCase.ScrollElementTest -->
