<?xml version="1.0" encoding="UTF-8"?>
<!-- Generated by org.testng.reporters.JUnitReportReporter -->
<testsuite hostname="Penny" name="gociety.PageEditProfileTest" tests="1" failures="0" timestamp="11 Feb 2015 08:47:54 GMT" time="29.474" errors="0">
  <testcase name="TestImputsAreas" time="29.474" classname="gociety.PageEditProfileTest"/>
</testsuite> <!-- gociety.PageEditProfileTest -->
