<?xml version="1.0" encoding="UTF-8"?>
<!-- Generated by org.testng.reporters.JUnitReportReporter -->
<testsuite hostname="Penny" name="testCreatoePlan.CreateNewPlanTest" tests="1" failures="0" timestamp="11 Feb 2015 15:53:56 GMT" time="44.020" errors="0">
  <testcase name="tempTest" time="44.020" classname="testCreatoePlan.CreateNewPlanTest"/>
</testsuite> <!-- testCreatoePlan.CreateNewPlanTest -->
