<?xml version="1.0" encoding="UTF-8"?>
<!-- Generated by org.testng.reporters.JUnitReportReporter -->
<testsuite hostname="Penny" name="testCase.AutoAcceptTest" tests="1" failures="0" timestamp="24 Feb 2015 16:42:59 GMT" time="78.439" errors="0">
  <testcase name="t" time="78.439" classname="testCase.AutoAcceptTest"/>
</testsuite> <!-- testCase.AutoAcceptTest -->
