<?xml version="1.0" encoding="UTF-8"?>
<!-- Generated by org.testng.reporters.JUnitReportReporter -->
<testsuite hostname="Penny" name="testCase.CreateAcountTest" tests="1" failures="0" timestamp="27 Feb 2015 11:16:49 GMT" time="28.344" errors="0">
  <testcase name="passtest" time="28.344" classname="testCase.CreateAcountTest"/>
</testsuite> <!-- testCase.CreateAcountTest -->
