<?xml version="1.0" encoding="UTF-8"?>
<!-- Generated by org.testng.reporters.JUnitReportReporter -->
<testsuite hostname="Penny" name="pages.GocietyMainPageTest" tests="1" failures="0" timestamp="11 Feb 2015 08:37:21 GMT" time="30.376" errors="0">
  <testcase name="planSearchTest" time="30.376" classname="pages.GocietyMainPageTest"/>
</testsuite> <!-- pages.GocietyMainPageTest -->
