<?xml version="1.0" encoding="UTF-8"?>
<!-- Generated by org.testng.reporters.JUnitReportReporter -->
<testsuite hostname="Penny" name="testCase.CreateNewPlanTest" tests="1" failures="0" timestamp="26 Feb 2015 10:39:02 GMT" time="94.088" errors="0">
  <testcase name="test" time="94.088" classname="testCase.CreateNewPlanTest"/>
</testsuite> <!-- testCase.CreateNewPlanTest -->
